2026-04-06 21:50:33,179 | INFO  | CpuLiveServerless:fadsx55pinfdvi | API /run
2026-04-06 21:50:34,493 | INFO  | CpuLiveServerless:fadsx55pinfdvi | Started Job:926f6205-8ffd-46c7-b5d0-2e023071e258-e2
2026-04-06 21:50:34,777 | INFO  | Job:926f6205-8ffd-46c7-b5d0-2e023071e258-e2 | Status: IN_QUEUE
2026-04-06 21:50:35,638 | INFO  | Job:926f6205-8ffd-46c7-b5d0-2e023071e258-e2 | .
2026-04-06 21:50:37,284 | INFO  | Job:926f6205-8ffd-46c7-b5d0-2e023071e258-e2 | ..
2026-04-06 21:50:42,059 | INFO  | Job:926f6205-8ffd-46c7-b5d0-2e023071e258-e2 | ...
2026-04-06 21:50:59,840 | INFO  | Job:926f6205-8ffd-46c7-b5d0-2e023071e258-e2 | ....
2026-04-06 21:51:20,024 | INFO  | Job:926f6205-8ffd-46c7-b5d0-2e023071e258-e2 | .....
2026-04-06 21:51:31,642 | INFO  | Job:926f6205-8ffd-46c7-b5d0-2e023071e258-e2 | Status: COMPLETED
2026-04-06 21:51:31,933 | INFO  | Worker:1shy0l52s7cf04 | Delay Time: 52180 ms
2026-04-06 21:51:31,933 | INFO  | Worker:1shy0l52s7cf04 | Execution Time: 47 ms
2026-04-06 21:55:23,458 | INFO  | CpuLiveServerless:fadsx55pinfdvi | API /run
2026-04-06 21:55:24,399 | INFO  | CpuLiveServerless:fadsx55pinfdvi | Started Job:fc7ce97f-6b6b-4529-9a50-9f1b8acaa5e1-e1
2026-04-06 21:55:24,689 | INFO  | Job:fc7ce97f-6b6b-4529-9a50-9f1b8acaa5e1-e1 | Status: IN_QUEUE
2026-04-06 21:55:25,622 | INFO  | Job:fc7ce97f-6b6b-4529-9a50-9f1b8acaa5e1-e1 | .
2026-04-06 21:55:27,290 | INFO  | Job:fc7ce97f-6b6b-4529-9a50-9f1b8acaa5e1-e1 | ..
2026-04-06 21:55:33,291 | INFO  | Job:fc7ce97f-6b6b-4529-9a50-9f1b8acaa5e1-e1 | ...
2026-04-06 21:55:50,766 | INFO  | Job:fc7ce97f-6b6b-4529-9a50-9f1b8acaa5e1-e1 | Status: COMPLETED
2026-04-06 21:55:51,082 | INFO  | Worker:1shy0l52s7cf04 | Delay Time: 20925 ms
2026-04-06 21:55:51,082 | INFO  | Worker:1shy0l52s7cf04 | Execution Time: 45 ms
2026-04-06 22:01:32,260 | INFO  | CpuLiveServerless:fadsx55pinfdvi | API /run
2026-04-06 22:01:33,193 | INFO  | CpuLiveServerless:fadsx55pinfdvi | Started Job:295b10ba-c96a-4ddd-b3b4-79c5b3a86f16-e1
2026-04-06 22:01:33,474 | INFO  | Job:295b10ba-c96a-4ddd-b3b4-79c5b3a86f16-e1 | Status: IN_QUEUE
2026-04-06 22:01:34,410 | INFO  | Job:295b10ba-c96a-4ddd-b3b4-79c5b3a86f16-e1 | .
2026-04-06 22:01:36,230 | INFO  | Job:295b10ba-c96a-4ddd-b3b4-79c5b3a86f16-e1 | ..
2026-04-06 22:01:38,437 | INFO  | Job:295b10ba-c96a-4ddd-b3b4-79c5b3a86f16-e1 | Status: COMPLETED
2026-04-06 22:01:38,730 | INFO  | Worker:1shy0l52s7cf04 | Delay Time: 5279 ms
2026-04-06 22:01:38,730 | INFO  | Worker:1shy0l52s7cf04 | Execution Time: 49 ms
